# Server version 0.08 running on www.smart-browser.com:8123
# Game ID: 38
# Board class: halma.CCBoard
# Timeout: 300000
# Date: Tue Apr 08 21:22:00 EDT 2014
# Player 1: Player-0, '110121860', running on www.smart-browser.com
# Player 2: Player-1, 'Human', running on www.smart-browser.com
# Player 3: Player-2, 'Human', running on www.smart-browser.com
# Player 4: Player-3, 'Human', running on www.smart-browser.com
START Player-0 110121860
START Player-1 Human
START Player-2 Human
START Player-3 Human
0 (2,2) (3,3)
1 (15,1) (13,3)
1 null null
2 (2,15) (4,13)
2 null null
3 (13,15) (11,13)
3 null null
0 (0,0) (2,2)
0 null null
