# Server version 0.08 running on www.smart-browser.com:8123
# Game ID: 105
# Board class: halma.CCBoard
# Timeout: 300000
# Date: Thu Apr 10 08:58:53 EDT 2014
# Player 1: Player-0, '110121860', running on www.smart-browser.com
# Player 2: Player-1, 'Human', running on www.smart-browser.com
# Player 3: Player-2, 'Human', running on www.smart-browser.com
# Player 4: Player-3, 'Human', running on www.smart-browser.com
START Player-0 110121860
START Player-1 Human
START Player-2 Human
START Player-3 Human
0 (0,1) (2,3)
0 null null
1 (13,2) (12,3)
2 (2,13) (3,12)
3 (13,13) (12,12)
0 (1,2) (3,4)
0 null null
