# Server version 0.08 running on www.smart-browser.com:8123
# Game ID: 125
# Board class: halma.CCBoard
# Timeout: 300000
# Date: Thu Apr 10 19:35:33 EDT 2014
# Player 1: Player-0, '110121860', running on www.smart-browser.com
# Player 2: Player-1, 'Human', running on www.smart-browser.com
# Player 3: Player-2, 'random', running on www.smart-browser.com
# Player 4: Player-3, 'random', running on www.smart-browser.com
START Player-0 110121860
START Player-1 Human
START Player-2 random
START Player-3 random
0 (0,1) (2,3)
0 null null
1 (14,3) (13,4)
2 (2,13) (2,12)
3 (13,14) (13,12)
3 null null
0 (1,2) (3,4)
0 null null
1 (15,2) (14,3)
2 (3,15) (4,15)
3 (12,15) (12,13)
3 (12,13) (14,11)
3 null null
0 (3,0) (3,2)
0 null null
1 (13,2) (12,3)
2 (2,12) (3,12)
3 (13,12) (12,11)
0 (2,0) (4,2)
0 null null
