# Server version 0.08 running on www.smart-browser.com:8123
# Game ID: 35
# Board class: halma.CCBoard
# Timeout: 300000
# Date: Tue Apr 08 21:12:41 EDT 2014
# Player 1: Player-0, '110121860', running on www.smart-browser.com
# Player 2: Player-1, 'Human', running on www.smart-browser.com
# Player 3: Player-2, 'random', running on www.smart-browser.com
# Player 4: Player-3, 'random', running on www.smart-browser.com
START Player-0 110121860
START Player-1 Human
START Player-2 random
START Player-3 random
0 (2,2) (3,3)
1 (13,2) (12,3)
2 (3,14) (4,14)
3 (12,14) (11,14)
0 (0,0) (2,2)
0 null null
1 (14,1) (13,2)
2 (0,13) (2,11)
2 null null
3 (11,14) (12,14)
0 (2,2) (4,4)
0 null null
1 (14,0) (12,2)
1 (12,2) (12,4)
