# Server version 0.08 running on wpa143111.wireless.mcgill.ca:8123
# Game ID: 8
# Board class: halma.CCBoard
# Timeout: 300000
# Date: Tue Apr 08 16:29:35 EDT 2014
# Player 1: Player-0, 'Human', running on www.smart-browser.com
# Player 2: Player-1, 'random', running on wpa143111.wireless.mcgill.ca
# Player 3: Player-2, 'random', running on wpa143111.wireless.mcgill.ca
# Player 4: Player-3, 'random', running on wpa143111.wireless.mcgill.ca
START Player-0 Human
START Player-1 random
START Player-2 random
START Player-3 random
0 (2,2) (2,3)
1 (14,0) (12,2)
1 (12,2) (14,0)
1 (14,0) (12,2)
1 (12,2) (14,0)
1 (14,0) (12,2)
1 null null
2 (1,15) (3,13)
2 null null
3 (14,12) (14,11)
0 (2,3) (2,4)
1 (13,0) (14,0)
2 (1,13) (2,12)
3 (15,12) (13,10)
3 null null
