# Server version 0.08 running on www.smart-browser.com:8123
# Game ID: 124
# Board class: halma.CCBoard
# Timeout: 300000
# Date: Thu Apr 10 18:53:51 EDT 2014
# Player 1: Player-0, '110121860', running on www.smart-browser.com
# Player 2: Player-1, 'Human', running on www.smart-browser.com
# Player 3: Player-2, 'random', running on www.smart-browser.com
# Player 4: Player-3, 'random', running on www.smart-browser.com
START Player-0 110121860
START Player-1 Human
START Player-2 random
START Player-3 random
0 (0,1) (2,3)
0 null null
1 (14,1) (12,3)
1 null null
2 (3,14) (4,13)
3 (13,13) (15,11)
3 null null
0 (1,2) (3,4)
0 null null
