# Server version 0.08 running on www.smart-browser.com:8123
# Game ID: 32
# Board class: halma.CCBoard
# Timeout: 300000
# Date: Tue Apr 08 20:31:32 EDT 2014
# Player 1: Player-0, '110121860', running on www.smart-browser.com
# Player 2: Player-1, 'Human', running on www.smart-browser.com
# Player 3: Player-2, 'random', running on www.smart-browser.com
# Player 4: Player-3, 'random', running on www.smart-browser.com
START Player-0 110121860
START Player-1 Human
START Player-2 random
START Player-3 random
0 (0,3) (0,4)
1 (13,2) (12,3)
2 (0,12) (2,12)
2 null null
3 (14,13) (12,13)
3 null null
0 (0,4) (1,5)
