# Server version 0.08 running on www.smart-browser.com:8123
# Game ID: 172
# Board class: halma.CCBoard
# Timeout: 300000
# Date: Fri Apr 11 13:33:48 EDT 2014
# Player 1: Player-0, '110121860', running on www.smart-browser.com
# Player 2: Player-1, 'random', running on www.smart-browser.com
# Player 3: Player-2, 'random', running on www.smart-browser.com
# Player 4: Player-3, 'Human', running on www.smart-browser.com
START Player-0 110121860
START Player-1 random
START Player-2 random
START Player-3 Human
0 (0,3) (2,3)
0 null null
1 (15,3) (13,3)
1 null null
2 (2,13) (4,15)
2 null null
3 (14,14) (12,12)
3 null null
0 (2,3) (0,3)
0 null null
1 (13,2) (15,4)
1 null null
2 (1,14) (2,13)
