# Server version 0.08 running on www.smart-browser.com:8123
# Game ID: 143
# Board class: halma.CCBoard
# Timeout: 300000
# Date: Fri Apr 11 00:27:43 EDT 2014
# Player 1: Player-0, '110121860', running on www.smart-browser.com
# Player 2: Player-1, 'random', running on www.smart-browser.com
# Player 3: Player-2, 'random', running on www.smart-browser.com
# Player 4: Player-3, 'Human', running on www.smart-browser.com
START Player-0 110121860
START Player-1 random
START Player-2 random
START Player-3 Human
0 (0,1) (2,3)
0 null null
1 (14,2) (12,2)
1 null null
2 (3,15) (4,15)
3 (13,14) (12,13)
0 (1,2) (3,4)
0 null null
1 (14,3) (15,4)
2 (2,15) (4,13)
2 null null
