# Server version 0.08 running on www.smart-browser.com:8123
# Game ID: 149
# Board class: halma.CCBoard
# Timeout: 300000
# Date: Fri Apr 11 01:20:37 EDT 2014
# Player 1: Player-0, '110121860', running on www.smart-browser.com
# Player 2: Player-1, 'random', running on www.smart-browser.com
# Player 3: Player-2, 'random', running on www.smart-browser.com
# Player 4: Player-3, 'Human', running on www.smart-browser.com
START Player-0 110121860
START Player-1 random
START Player-2 random
START Player-3 Human
0 (0,1) (2,3)
0 null null
1 (12,1) (12,2)
2 (0,12) (2,12)
2 null null
3 (13,14) (13,12)
3 null null
0 (1,2) (3,4)
0 null null
1 (12,2) (11,2)
2 (1,13) (0,12)
3 (13,12) (12,12)
0 (3,0) (3,2)
0 null null
1 (13,1) (13,3)
1 null null
2 (1,12) (0,11)
