# Server version 0.08 running on www.smart-browser.com:8123
# Game ID: 21
# Board class: halma.CCBoard
# Timeout: 300000
# Date: Tue Apr 08 19:37:00 EDT 2014
# Player 1: Player-0, '110121860', running on www.smart-browser.com
# Player 2: Player-1, '110121860', running on www.smart-browser.com
# Player 3: Player-2, 'Human', running on www.smart-browser.com
# Player 4: Player-3, 'Human', running on www.smart-browser.com
START Player-0 110121860
START Player-1 110121860
START Player-2 Human
START Player-3 Human
0 (1,3) (2,4)
1 (15,3) (15,4)
2 (3,14) (4,13)
3 (13,13) (12,12)
0 (2,2) (4,0)
0 null null
1 (15,1) (15,3)
1 null null
2 (2,13) (3,12)
